<?xml version="1.0" encoding="UTF-8"?>
<testng-results ignored="0" total="1" passed="1" failed="0" skipped="0">
  <reporter-output>
  </reporter-output>
  <suite started-at="2022-09-20T21:23:52 IST" name="Default suite" finished-at="2022-09-20T21:23:52 IST" duration-ms="91">
    <groups>
    </groups>
    <test started-at="2022-09-20T21:23:52 IST" name="Default test" finished-at="2022-09-20T21:23:52 IST" duration-ms="91">
      <class name="Practice.CreateOrgTest">
        <test-method signature="createNewOrg()[pri:0, instance:Practice.CreateOrgTest@60704c]" started-at="2022-09-20T21:23:52 IST" name="createNewOrg" finished-at="2022-09-20T21:23:52 IST" duration-ms="14" status="PASS">
          <reporter-output>
          </reporter-output>
        </test-method> <!-- createNewOrg -->
      </class> <!-- Practice.CreateOrgTest -->
    </test> <!-- Default test -->
  </suite> <!-- Default suite -->
</testng-results>
