<?xml version="1.0" encoding="UTF-8"?>
<testng-results ignored="0" total="1" passed="1" failed="0" skipped="0">
  <reporter-output>
  </reporter-output>
  <suite started-at="2022-09-20T22:19:51 IST" name="Default suite" finished-at="2022-09-20T22:19:51 IST" duration-ms="82">
    <groups>
    </groups>
    <test started-at="2022-09-20T22:19:51 IST" name="Default test" finished-at="2022-09-20T22:19:51 IST" duration-ms="82">
      <class name="Practice.CreateContactTest">
        <test-method signature="createContact()[pri:0, instance:Practice.CreateContactTest@60704c]" started-at="2022-09-20T22:19:51 IST" name="createContact" finished-at="2022-09-20T22:19:51 IST" duration-ms="14" status="PASS">
          <reporter-output>
          </reporter-output>
        </test-method> <!-- createContact -->
      </class> <!-- Practice.CreateContactTest -->
    </test> <!-- Default test -->
  </suite> <!-- Default suite -->
</testng-results>
